c:\prj\evs\skinui\x64\release\skinui.pch
c:\prj\evs\skinui\x64\release\vc140.pdb
c:\prj\evs\skinui\x64\release\stdafx.obj
c:\prj\evs\skinui\x64\release\skintabctrl.obj
c:\prj\evs\skinui\x64\release\skinstatic.obj
c:\prj\evs\skinui\x64\release\skinsliderctrl.obj
c:\prj\evs\skinui\x64\release\skinrichedit.obj
c:\prj\evs\skinui\x64\release\skinprogressctrl.obj
c:\prj\evs\skinui\x64\release\skinmenu.obj
c:\prj\evs\skinui\x64\release\skinlistctrl.obj
c:\prj\evs\skinui\x64\release\skinlistbox.obj
c:\prj\evs\skinui\x64\release\skinedit.obj
c:\prj\evs\skinui\x64\release\skindialog.obj
c:\prj\evs\skinui\x64\release\skincombobox.obj
c:\prj\evs\skinui\x64\release\skinbutton.obj
c:\prj\evs\skinui\x64\release\rendermanager.obj
c:\prj\evs\skinui\x64\release\memorydc.obj
c:\prj\evs\skinui\x64\release\iskincontrol.obj
c:\prj\evs\skinui\x64\release\imageex.obj
c:\prj\evs\skinui\x64\release\gifimage.obj
c:\prj\evs\skinui\x64\release\function.obj
c:\prj\evs\skinui\x64\release\flashcontrol.obj
c:\prj\evs\skinui\x64\release\builddialog.obj
c:\prj\evs\skinui\x64\release\xmlmanager.obj
c:\prj\evs\skinui\x64\release\skinui.obj
c:\prj\evs\skinui\x64\release\skintreectrl.obj
c:\prj\evs\skinui\x64\release\skintoolbar.obj
c:\prj\evs\skinui\x64\release\dllmain.obj
c:\prj\skinuimfc\skinui\x64\release\skinui.pch
c:\prj\skinuimfc\skinui\x64\release\vc140.pdb
c:\prj\skinuimfc\skinui\x64\release\stdafx.obj
c:\prj\skinuimfc\skinui\x64\release\skintoolbar.obj
c:\prj\skinuimfc\skinui\x64\release\skintabctrl.obj
c:\prj\skinuimfc\skinui\x64\release\skinsliderctrl.obj
c:\prj\skinuimfc\skinui\x64\release\skinrichedit.obj
c:\prj\skinuimfc\skinui\x64\release\skinprogressctrl.obj
c:\prj\skinuimfc\skinui\x64\release\skinmenu.obj
c:\prj\skinuimfc\skinui\x64\release\skinlistctrl.obj
c:\prj\skinuimfc\skinui\x64\release\skinlistbox.obj
c:\prj\skinuimfc\skinui\x64\release\skinedit.obj
c:\prj\skinuimfc\skinui\x64\release\skindialog.obj
c:\prj\skinuimfc\skinui\x64\release\skincombobox.obj
c:\prj\skinuimfc\skinui\x64\release\skinbutton.obj
c:\prj\skinuimfc\skinui\x64\release\rendermanager.obj
c:\prj\skinuimfc\skinui\x64\release\memorydc.obj
c:\prj\skinuimfc\skinui\x64\release\iskincontrol.obj
c:\prj\skinuimfc\skinui\x64\release\imageex.obj
c:\prj\skinuimfc\skinui\x64\release\gifimage.obj
c:\prj\skinuimfc\skinui\x64\release\function.obj
c:\prj\skinuimfc\skinui\x64\release\flashcontrol.obj
c:\prj\skinuimfc\skinui\x64\release\builddialog.obj
c:\prj\skinuimfc\skinui\x64\release\xmlmanager.obj
c:\prj\skinuimfc\skinui\x64\release\skinui.obj
c:\prj\skinuimfc\skinui\x64\release\skintreectrl.obj
c:\prj\skinuimfc\skinui\x64\release\dllmain.obj
c:\prj\skinuimfc\skinui\x64\release\skinstatic.obj
c:\prj\evs\x64\release\skinui.dll
c:\prj\evs\x64\release\skinui.ipdb
c:\prj\evs\x64\release\skinui.iobj
c:\prj\evs\x64\release\skinui.pdb
c:\prj\skinuimfc\bin\skinui.dll
c:\prj\skinuimfc\bin\skinui.ipdb
c:\prj\skinuimfc\bin\skinui.iobj
c:\prj\skinuimfc\skinui\x64\release\skinui.pdb
c:\prj\evs\skinui\x64\release\skinui.res
c:\prj\skinuimfc\skinui\x64\release\skinui.res
c:\prj\evs\lib\skinui\lib\skinui.lib
c:\prj\evs\lib\skinui\lib\skinui.exp
c:\prj\skinuimfc\lib\skinui.lib
c:\prj\skinuimfc\lib\skinui.exp
c:\prj\skinuimfc\skinui\x64\release\imageole.tli
c:\prj\skinuimfc\skinui\x64\release\imageole.tlh
c:\prj\skinuimfc\skinui\x64\release\skinui.tlog\cl.command.1.tlog
c:\prj\skinuimfc\skinui\x64\release\skinui.tlog\cl.read.1.tlog
c:\prj\skinuimfc\skinui\x64\release\skinui.tlog\cl.write.1.tlog
c:\prj\skinuimfc\skinui\x64\release\skinui.tlog\link.command.1.tlog
c:\prj\skinuimfc\skinui\x64\release\skinui.tlog\link.read.1.tlog
c:\prj\skinuimfc\skinui\x64\release\skinui.tlog\link.write.1.tlog
c:\prj\skinuimfc\skinui\x64\release\skinui.tlog\rc.command.1.tlog
c:\prj\skinuimfc\skinui\x64\release\skinui.tlog\rc.read.1.tlog
c:\prj\skinuimfc\skinui\x64\release\skinui.tlog\rc.write.1.tlog
c:\prj\skinuimfc\skinui\x64\release\skinui.tlog\skinui.write.1u.tlog
