c:\prj\skinuimfc\skinui\debug\skinui.pch
c:\prj\skinuimfc\skinui\debug\vc140.pdb
c:\prj\skinuimfc\skinui\debug\vc140.idb
c:\prj\skinuimfc\skinui\debug\stdafx.obj
c:\prj\skinuimfc\skinui\debug\gifimage.obj
c:\prj\skinuimfc\skinui\debug\imageex.obj
c:\prj\skinuimfc\skinui\debug\iskincontrol.obj
c:\prj\skinuimfc\skinui\debug\memorydc.obj
c:\prj\skinuimfc\skinui\debug\rendermanager.obj
c:\prj\skinuimfc\skinui\debug\skinbutton.obj
c:\prj\skinuimfc\skinui\debug\skincombobox.obj
c:\prj\skinuimfc\skinui\debug\skindialog.obj
c:\prj\skinuimfc\skinui\debug\skinedit.obj
c:\prj\skinuimfc\skinui\debug\skinlistbox.obj
c:\prj\skinuimfc\skinui\debug\skinlistctrl.obj
c:\prj\skinuimfc\skinui\debug\skinmenu.obj
c:\prj\skinuimfc\skinui\debug\skinprogressctrl.obj
c:\prj\skinuimfc\skinui\debug\skinrichedit.obj
c:\prj\skinuimfc\skinui\debug\skinsliderctrl.obj
c:\prj\skinuimfc\skinui\debug\skintabctrl.obj
c:\prj\skinuimfc\skinui\debug\skintoolbar.obj
c:\prj\skinuimfc\skinui\debug\skintreectrl.obj
c:\prj\skinuimfc\skinui\debug\skinui.obj
c:\prj\skinuimfc\skinui\debug\xmlmanager.obj
c:\prj\skinuimfc\skinui\debug\builddialog.obj
c:\prj\skinuimfc\skinui\debug\flashcontrol.obj
c:\prj\skinuimfc\skinui\debug\function.obj
c:\prj\skinuimfc\skinui\debug\dllmain.obj
c:\prj\skinuimfc\skinui\debug\skinui.res
c:\prj\skinuimfc\skinui\debug\imageole.tli
c:\prj\skinuimfc\skinui\debug\imageole.tlh
c:\prj\skinuimfc\skinui\debug\skinui.tlog\cl.command.1.tlog
c:\prj\skinuimfc\skinui\debug\skinui.tlog\cl.read.1.tlog
c:\prj\skinuimfc\skinui\debug\skinui.tlog\cl.write.1.tlog
c:\prj\skinuimfc\skinui\debug\skinui.tlog\link-cvtres.read.1.tlog
c:\prj\skinuimfc\skinui\debug\skinui.tlog\link-cvtres.write.1.tlog
c:\prj\skinuimfc\skinui\debug\skinui.tlog\link-mt.read.1.tlog
c:\prj\skinuimfc\skinui\debug\skinui.tlog\link-mt.write.1.tlog
c:\prj\skinuimfc\skinui\debug\skinui.tlog\link-rc.read.1.tlog
c:\prj\skinuimfc\skinui\debug\skinui.tlog\link-rc.write.1.tlog
c:\prj\skinuimfc\skinui\debug\skinui.tlog\link.command.1.tlog
c:\prj\skinuimfc\skinui\debug\skinui.tlog\link.read.1.tlog
c:\prj\skinuimfc\skinui\debug\skinui.tlog\link.write.1.tlog
c:\prj\skinuimfc\skinui\debug\skinui.tlog\rc.command.1.tlog
c:\prj\skinuimfc\skinui\debug\skinui.tlog\rc.read.1.tlog
c:\prj\skinuimfc\skinui\debug\skinui.tlog\rc.write.1.tlog
