c:\prj\evs\skinui\x64\debug\skinui.pch
c:\prj\evs\skinui\x64\debug\vc140.pdb
c:\prj\evs\skinui\x64\debug\stdafx.obj
c:\prj\evs\skinui\x64\debug\skintabctrl.obj
c:\prj\evs\skinui\x64\debug\skinstatic.obj
c:\prj\evs\skinui\x64\debug\skinsliderctrl.obj
c:\prj\evs\skinui\x64\debug\skinrichedit.obj
c:\prj\evs\skinui\x64\debug\skinprogressctrl.obj
c:\prj\evs\skinui\x64\debug\skinmenu.obj
c:\prj\evs\skinui\x64\debug\skinlistctrl.obj
c:\prj\evs\skinui\x64\debug\skinlistbox.obj
c:\prj\evs\skinui\x64\debug\skinedit.obj
c:\prj\evs\skinui\x64\debug\skindialog.obj
c:\prj\evs\skinui\x64\debug\skincombobox.obj
c:\prj\evs\skinui\x64\debug\skinbutton.obj
c:\prj\evs\skinui\x64\debug\rendermanager.obj
c:\prj\evs\skinui\x64\debug\memorydc.obj
c:\prj\evs\skinui\x64\debug\iskincontrol.obj
c:\prj\evs\skinui\x64\debug\imageex.obj
c:\prj\evs\skinui\x64\debug\gifimage.obj
c:\prj\evs\skinui\x64\debug\function.obj
c:\prj\evs\skinui\x64\debug\flashcontrol.obj
c:\prj\evs\skinui\x64\debug\builddialog.obj
c:\prj\evs\skinui\x64\debug\xmlmanager.obj
c:\prj\evs\skinui\x64\debug\skinui.obj
c:\prj\evs\skinui\x64\debug\skintreectrl.obj
c:\prj\evs\skinui\x64\debug\skintoolbar.obj
c:\prj\evs\skinui\x64\debug\dllmain.obj
c:\prj\evs\x64\debug\skinui.ilk
c:\prj\evs\x64\debug\skinui.dll
c:\prj\evs\x64\debug\skinui.pdb
c:\prj\evs\skinui\x64\debug\skinui.res
c:\prj\evs\lib\skinui\lib\skinui.lib
c:\prj\evs\lib\skinui\lib\skinui.exp
c:\prj\skinuimfc\skinui\x64\debug\builddialog.obj
c:\prj\skinuimfc\skinui\x64\debug\dllmain.obj
c:\prj\skinuimfc\skinui\x64\debug\flashcontrol.obj
c:\prj\skinuimfc\skinui\x64\debug\function.obj
c:\prj\skinuimfc\skinui\x64\debug\gifimage.obj
c:\prj\skinuimfc\skinui\x64\debug\imageex.obj
c:\prj\skinuimfc\skinui\x64\debug\iskincontrol.obj
c:\prj\skinuimfc\skinui\x64\debug\memorydc.obj
c:\prj\skinuimfc\skinui\x64\debug\rendermanager.obj
c:\prj\skinuimfc\skinui\x64\debug\skinbutton.obj
c:\prj\skinuimfc\skinui\x64\debug\skincombobox.obj
c:\prj\skinuimfc\skinui\x64\debug\skindialog.obj
c:\prj\skinuimfc\skinui\x64\debug\skinedit.obj
c:\prj\skinuimfc\skinui\x64\debug\skinlistbox.obj
c:\prj\skinuimfc\skinui\x64\debug\skinlistctrl.obj
c:\prj\skinuimfc\skinui\x64\debug\skinmenu.obj
c:\prj\skinuimfc\skinui\x64\debug\skinprogressctrl.obj
c:\prj\skinuimfc\skinui\x64\debug\skinrichedit.obj
c:\prj\skinuimfc\skinui\x64\debug\skinsliderctrl.obj
c:\prj\skinuimfc\skinui\x64\debug\skinstatic.obj
c:\prj\skinuimfc\skinui\x64\debug\skintabctrl.obj
c:\prj\skinuimfc\skinui\x64\debug\skintoolbar.obj
c:\prj\skinuimfc\skinui\x64\debug\skintreectrl.obj
c:\prj\skinuimfc\skinui\x64\debug\skinui.obj
c:\prj\skinuimfc\skinui\x64\debug\stdafx.obj
c:\prj\skinuimfc\skinui\x64\debug\xmlmanager.obj
c:\prj\skinuimfc\skinui\x64\debug\imageole.tli
c:\prj\skinuimfc\skinui\x64\debug\imageole.tlh
c:\prj\skinuimfc\skinui\x64\debug\skinui.res
c:\prj\skinuimfc\skinui\x64\debug\skinui.pch
c:\prj\skinuimfc\skinui\x64\debug\vc140.pdb
c:\prj\skinuimfc\skinui\x64\debug\skinui.tlog\cl.command.1.tlog
c:\prj\skinuimfc\skinui\x64\debug\skinui.tlog\cl.read.1.tlog
c:\prj\skinuimfc\skinui\x64\debug\skinui.tlog\cl.write.1.tlog
c:\prj\skinuimfc\skinui\x64\debug\skinui.tlog\link.command.1.tlog
c:\prj\skinuimfc\skinui\x64\debug\skinui.tlog\link.read.1.tlog
c:\prj\skinuimfc\skinui\x64\debug\skinui.tlog\link.write.1.tlog
c:\prj\skinuimfc\skinui\x64\debug\skinui.tlog\rc.command.1.tlog
c:\prj\skinuimfc\skinui\x64\debug\skinui.tlog\rc.read.1.tlog
c:\prj\skinuimfc\skinui\x64\debug\skinui.tlog\rc.write.1.tlog
c:\prj\skinuimfc\skinui\x64\debug\skinui.tlog\skinui.write.1u.tlog
